<?xml version="1.0" encoding="UTF-8"?>
<!-- Generated by org.testng.reporters.JUnitReportReporter -->
<testsuite hostname="KSPL0235-L" failures="0" tests="1" name="us.littleguys.testestimator.AddJob.FilterJob" time="25.188" errors="0" timestamp="2022-11-30T17:25:32 IST" skipped="0">
  <testcase classname="us.littleguys.testestimator.AddJob.FilterJob" name="FilterJob" time="25.188"/>
  <system-out/>
</testsuite> <!-- us.littleguys.testestimator.AddJob.FilterJob -->
