<?xml version="1.0" encoding="UTF-8"?>
<!-- Generated by org.testng.reporters.JUnitReportReporter -->
<testsuite hostname="KSPL0098-L" failures="0" tests="2" name="us.littleguys.testestimator.CustomerPageTest.AddCustomer" time="48.081" errors="0" timestamp="2023-01-11T18:04:06 IST" skipped="0">
  <testcase classname="us.littleguys.testestimator.CustomerPageTest.AddCustomer" name="AddCustomer" time="27.742"/>
  <system-out/>
  <testcase classname="us.littleguys.testestimator.CustomerPageTest.AddCustomer" name="AddCustomerWithSameData" time="20.339"/>
  <system-out/>
</testsuite> <!-- us.littleguys.testestimator.CustomerPageTest.AddCustomer -->
