<?xml version="1.0" encoding="UTF-8"?>
<!-- Generated by org.testng.reporters.JUnitReportReporter -->
<testsuite hostname="KSPL0235-L" failures="0" tests="1" name="us.littleguys.testestimator.EmailTemplates.UpdateEmailTemplate" time="17.911" errors="0" timestamp="2022-11-25T14:19:22 IST" skipped="0">
  <testcase classname="us.littleguys.testestimator.EmailTemplates.UpdateEmailTemplate" name="UpdateEmailTemplate" time="17.911"/>
  <system-out/>
</testsuite> <!-- us.littleguys.testestimator.EmailTemplates.UpdateEmailTemplate -->
